SF:/Users/terauchihiroki/Class/M1S/ES/teotwahbew/src/args.rs
FN:12,_RNCNvNtCs6LQSLnCvQ4J_4teot4args10parse_args0B5_
FN:10,_RNvNtCs6LQSLnCvQ4J_4teot4args10parse_args
FN:17,_RNvNtCs6LQSLnCvQ4J_4teot4args10parse_from
FN:17,_RNvNtCs6onijBpEXfP_4teot4args10parse_from
FN:83,_RNvNtNtCs6onijBpEXfP_4teot4args5testss_14combined_flags
FN:63,_RNvNtNtCs6onijBpEXfP_4teot4args5testss_16source_only_flag
FN:76,_RNvNtNtCs6onijBpEXfP_4teot4args5testss_17color_with_target
FN:57,_RNvNtNtCs6onijBpEXfP_4teot4args5testss_17sort_by_date_flag
FN:69,_RNvNtNtCs6onijBpEXfP_4teot4args5testss_20color_without_target
FN:48,_RNvNtNtCs6onijBpEXfP_4teot4args5testss_21defaults_when_no_args
FN:90,_RNvNtNtCs6onijBpEXfP_4teot4args5testss_24unknown_args_are_ignored
FN:12,_RNCNvNtCs6onijBpEXfP_4teot4args10parse_args0B5_
FN:10,_RNvNtCs6onijBpEXfP_4teot4args10parse_args
FNDA:5,_RNCNvNtCs6LQSLnCvQ4J_4teot4args10parse_args0B5_
FNDA:6,_RNvNtCs6LQSLnCvQ4J_4teot4args10parse_args
FNDA:6,_RNvNtCs6LQSLnCvQ4J_4teot4args10parse_from
FNDA:7,_RNvNtCs6onijBpEXfP_4teot4args10parse_from
FNDA:1,_RNvNtNtCs6onijBpEXfP_4teot4args5testss_14combined_flags
FNDA:1,_RNvNtNtCs6onijBpEXfP_4teot4args5testss_16source_only_flag
FNDA:1,_RNvNtNtCs6onijBpEXfP_4teot4args5testss_17color_with_target
FNDA:1,_RNvNtNtCs6onijBpEXfP_4teot4args5testss_17sort_by_date_flag
FNDA:1,_RNvNtNtCs6onijBpEXfP_4teot4args5testss_20color_without_target
FNDA:1,_RNvNtNtCs6onijBpEXfP_4teot4args5testss_21defaults_when_no_args
FNDA:1,_RNvNtNtCs6onijBpEXfP_4teot4args5testss_24unknown_args_are_ignored
FNDA:0,_RNCNvNtCs6onijBpEXfP_4teot4args10parse_args0B5_
FNDA:0,_RNvNtCs6onijBpEXfP_4teot4args10parse_args
FNF:10
FNH:10
DA:10,6
DA:11,6
DA:12,6
DA:13,6
DA:14,6
DA:17,13
DA:18,13
DA:19,13
DA:20,13
DA:21,13
DA:22,13
DA:23,13
DA:24,13
DA:25,25
DA:26,12
DA:27,12
DA:28,9
DA:29,6
DA:30,4
DA:31,4
DA:32,2
DA:33,2
DA:34,2
DA:36,2
DA:38,12
DA:40,13
DA:41,13
DA:48,1
DA:49,1
DA:50,1
DA:51,1
DA:52,1
DA:53,1
DA:54,1
DA:57,1
DA:58,1
DA:59,1
DA:60,1
DA:63,1
DA:64,1
DA:65,1
DA:66,1
DA:69,1
DA:70,1
DA:71,1
DA:72,1
DA:73,1
DA:76,1
DA:77,1
DA:78,1
DA:79,1
DA:80,1
DA:83,1
DA:84,1
DA:85,1
DA:86,1
DA:87,1
DA:90,1
DA:91,1
DA:92,1
DA:93,1
DA:94,1
DA:95,1
BRF:0
BRH:0
LF:64
LH:64
end_of_record
SF:/Users/terauchihiroki/Class/M1S/ES/teotwahbew/src/color.rs
FN:11,_RNvNtCs6LQSLnCvQ4J_4teot5color11entry_color
FN:13,_RNCNvNtCs6LQSLnCvQ4J_4teot5color11entry_color0B5_
FN:11,_RNvNtCs6onijBpEXfP_4teot5color11entry_color
FN:34,_RNvNtNtCs6onijBpEXfP_4teot5color5tests8no_color
FN:59,_RNvNtNtCs6onijBpEXfP_4teot5color5testss_19gitignore_gets_cyan
FN:54,_RNvNtNtCs6onijBpEXfP_4teot5color5testss_20makefile_gets_yellow
FN:49,_RNvNtNtCs6onijBpEXfP_4teot5color5testss_21regular_file_no_color
FN:44,_RNvNtNtCs6onijBpEXfP_4teot5color5testss_24directory_gets_dir_color
FN:86,_RNvNtNtCs6onijBpEXfP_4teot5color5testss_38custom_color_skips_non_matching_target
FN:75,_RNvNtNtCs6onijBpEXfP_4teot5color5testss_39custom_color_applies_to_matching_target
FN:64,_RNvNtNtCs6onijBpEXfP_4teot5color5testss_42custom_color_applies_to_all_when_no_target
FN:13,_RNCNvNtCs6onijBpEXfP_4teot5color11entry_color0B5_
FNDA:8,_RNvNtCs6LQSLnCvQ4J_4teot5color11entry_color
FNDA:2,_RNCNvNtCs6LQSLnCvQ4J_4teot5color11entry_color0B5_
FNDA:7,_RNvNtCs6onijBpEXfP_4teot5color11entry_color
FNDA:4,_RNvNtNtCs6onijBpEXfP_4teot5color5tests8no_color
FNDA:1,_RNvNtNtCs6onijBpEXfP_4teot5color5testss_19gitignore_gets_cyan
FNDA:1,_RNvNtNtCs6onijBpEXfP_4teot5color5testss_20makefile_gets_yellow
FNDA:1,_RNvNtNtCs6onijBpEXfP_4teot5color5testss_21regular_file_no_color
FNDA:1,_RNvNtNtCs6onijBpEXfP_4teot5color5testss_24directory_gets_dir_color
FNDA:1,_RNvNtNtCs6onijBpEXfP_4teot5color5testss_38custom_color_skips_non_matching_target
FNDA:1,_RNvNtNtCs6onijBpEXfP_4teot5color5testss_39custom_color_applies_to_matching_target
FNDA:1,_RNvNtNtCs6onijBpEXfP_4teot5color5testss_42custom_color_applies_to_all_when_no_target
FNDA:2,_RNCNvNtCs6onijBpEXfP_4teot5color11entry_color0B5_
FNF:10
FNH:10
DA:11,15
DA:12,15
DA:13,6
DA:14,6
DA:15,4
DA:16,2
DA:17,9
DA:18,11
DA:19,1
DA:20,10
DA:21,19
DA:22,19
DA:23,2
DA:24,17
DA:26,8
DA:27,15
DA:34,4
DA:35,4
DA:36,4
DA:37,4
DA:38,4
DA:39,4
DA:40,4
DA:41,4
DA:44,1
DA:45,1
DA:46,1
DA:49,1
DA:50,1
DA:51,1
DA:54,1
DA:55,1
DA:56,1
DA:59,1
DA:60,1
DA:61,1
DA:64,1
DA:65,1
DA:66,1
DA:67,1
DA:68,1
DA:69,1
DA:70,1
DA:71,1
DA:72,1
DA:75,1
DA:76,1
DA:77,1
DA:78,1
DA:79,1
DA:80,1
DA:81,1
DA:82,1
DA:83,1
DA:86,1
DA:87,1
DA:88,1
DA:89,1
DA:90,1
DA:91,1
DA:92,1
DA:93,1
DA:94,1
BRF:0
BRH:0
LF:64
LH:64
end_of_record
SF:/Users/terauchihiroki/Class/M1S/ES/teotwahbew/src/filter.rs
FN:5,_RNvNtCs6LQSLnCvQ4J_4teot6filter14is_source_file
FN:8,_RNCNvNtCs6LQSLnCvQ4J_4teot6filter14is_source_file0B5_
FN:9,_RNCNvNtCs6LQSLnCvQ4J_4teot6filter14is_source_files_0B5_
FN:5,_RNvNtCs6onijBpEXfP_4teot6filter14is_source_file
FN:8,_RNCNvNtCs6onijBpEXfP_4teot6filter14is_source_file0B5_
FN:9,_RNCNvNtCs6onijBpEXfP_4teot6filter14is_source_files_0B5_
FN:32,_RNvNtNtCs6onijBpEXfP_4teot6filter5testss_34file_without_extension_is_rejected
FN:24,_RNvNtNtCs6onijBpEXfP_4teot6filter5testss_34non_source_extensions_are_rejected
FN:17,_RNvNtNtCs6onijBpEXfP_4teot6filter5testss_36all_source_extensions_are_recognized
FNDA:3,_RNvNtCs6LQSLnCvQ4J_4teot6filter14is_source_file
FNDA:3,_RNCNvNtCs6LQSLnCvQ4J_4teot6filter14is_source_file0B5_
FNDA:3,_RNCNvNtCs6LQSLnCvQ4J_4teot6filter14is_source_files_0B5_
FNDA:13,_RNvNtCs6onijBpEXfP_4teot6filter14is_source_file
FNDA:11,_RNCNvNtCs6onijBpEXfP_4teot6filter14is_source_file0B5_
FNDA:11,_RNCNvNtCs6onijBpEXfP_4teot6filter14is_source_files_0B5_
FNDA:1,_RNvNtNtCs6onijBpEXfP_4teot6filter5testss_34file_without_extension_is_rejected
FNDA:1,_RNvNtNtCs6onijBpEXfP_4teot6filter5testss_34non_source_extensions_are_rejected
FNDA:1,_RNvNtNtCs6onijBpEXfP_4teot6filter5testss_36all_source_extensions_are_recognized
FNF:6
FNH:6
DA:5,16
DA:6,16
DA:7,16
DA:8,16
DA:9,16
DA:10,16
DA:17,1
DA:18,7
DA:19,7
DA:21,1
DA:24,1
DA:25,1
DA:26,1
DA:27,1
DA:28,1
DA:29,1
DA:32,1
DA:33,1
DA:34,1
DA:35,1
BRF:0
BRH:0
LF:22
LH:22
end_of_record
SF:/Users/terauchihiroki/Class/M1S/ES/teotwahbew/src/format.rs
FN:7,_RNvNtCs6LQSLnCvQ4J_4teot6format10human_size
FN:33,_RNvNtCs6LQSLnCvQ4J_4teot6format11days_to_ymd
FN:89,_RNvNtCs6LQSLnCvQ4J_4teot6format11format_mode
FN:22,_RNvNtCs6LQSLnCvQ4J_4teot6format11format_time
FN:92,_RNCNvNtCs6LQSLnCvQ4J_4teot6format11format_mode0B5_
FN:7,_RNvNtCs6onijBpEXfP_4teot6format10human_size
FN:33,_RNvNtCs6onijBpEXfP_4teot6format11days_to_ymd
FN:22,_RNvNtCs6onijBpEXfP_4teot6format11format_time
FN:53,_RNvNtNtCs6onijBpEXfP_4teot6format5testss_16human_size_bytes
FN:71,_RNvNtNtCs6onijBpEXfP_4teot6format5testss_20human_size_gigabytes
FN:60,_RNvNtNtCs6onijBpEXfP_4teot6format5testss_20human_size_kilobytes
FN:66,_RNvNtNtCs6onijBpEXfP_4teot6format5testss_20human_size_megabytes
FN:81,_RNvNtNtCs6onijBpEXfP_4teot6format5testss_22format_time_known_date
FN:76,_RNvNtNtCs6onijBpEXfP_4teot6format5testss_22format_time_unix_epoch
FN:92,_RNCNvNtCs6onijBpEXfP_4teot6format11format_mode0B5_
FN:89,_RNvNtCs6onijBpEXfP_4teot6format11format_mode
FNDA:8,_RNvNtCs6LQSLnCvQ4J_4teot6format10human_size
FNDA:8,_RNvNtCs6LQSLnCvQ4J_4teot6format11days_to_ymd
FNDA:8,_RNvNtCs6LQSLnCvQ4J_4teot6format11format_mode
FNDA:8,_RNvNtCs6LQSLnCvQ4J_4teot6format11format_time
FNDA:24,_RNCNvNtCs6LQSLnCvQ4J_4teot6format11format_mode0B5_
FNDA:7,_RNvNtCs6onijBpEXfP_4teot6format10human_size
FNDA:2,_RNvNtCs6onijBpEXfP_4teot6format11days_to_ymd
FNDA:2,_RNvNtCs6onijBpEXfP_4teot6format11format_time
FNDA:1,_RNvNtNtCs6onijBpEXfP_4teot6format5testss_16human_size_bytes
FNDA:1,_RNvNtNtCs6onijBpEXfP_4teot6format5testss_20human_size_gigabytes
FNDA:1,_RNvNtNtCs6onijBpEXfP_4teot6format5testss_20human_size_kilobytes
FNDA:1,_RNvNtNtCs6onijBpEXfP_4teot6format5testss_20human_size_megabytes
FNDA:1,_RNvNtNtCs6onijBpEXfP_4teot6format5testss_22format_time_known_date
FNDA:1,_RNvNtNtCs6onijBpEXfP_4teot6format5testss_22format_time_unix_epoch
FNDA:0,_RNCNvNtCs6onijBpEXfP_4teot6format11format_mode0B5_
FNDA:0,_RNvNtCs6onijBpEXfP_4teot6format11format_mode
FNF:11
FNH:11
DA:7,15
DA:11,15
DA:12,1
DA:13,14
DA:14,1
DA:15,13
DA:16,2
DA:18,11
DA:20,15
DA:22,10
DA:23,10
DA:24,10
DA:25,10
DA:26,10
DA:27,10
DA:28,10
DA:29,10
DA:30,10
DA:33,10
DA:34,10
DA:35,10
DA:36,10
DA:37,10
DA:38,10
DA:39,10
DA:40,10
DA:41,10
DA:42,10
DA:43,10
DA:44,10
DA:45,10
DA:53,1
DA:54,1
DA:55,1
DA:56,1
DA:57,1
DA:60,1
DA:61,1
DA:62,1
DA:63,1
DA:66,1
DA:67,1
DA:68,1
DA:71,1
DA:72,1
DA:73,1
DA:76,1
DA:77,1
DA:78,1
DA:81,1
DA:83,1
DA:84,1
DA:85,1
DA:89,8
DA:90,8
DA:91,8
DA:92,24
DA:93,24
DA:94,24
DA:96,24
DA:97,24
DA:98,24
DA:100,24
DA:101,8
DA:102,8
BRF:0
BRH:0
LF:66
LH:66
end_of_record
SF:/Users/terauchihiroki/Class/M1S/ES/teotwahbew/src/main.rs
FN:14,_RNvCs6LQSLnCvQ4J_4teot4main
FN:37,_RNCNCNvCs6LQSLnCvQ4J_4teot4mains1_00B5_
FN:19,_RNCNvCs6LQSLnCvQ4J_4teot4main0B3_
FN:25,_RNCNvCs6LQSLnCvQ4J_4teot4mains0_0B3_
FN:34,_RNCNvCs6LQSLnCvQ4J_4teot4mains1_0B3_
FN:40,_RNCNvCs6LQSLnCvQ4J_4teot4mains2_0B3_
FN:49,_RNCNvCs6LQSLnCvQ4J_4teot4mains3_0B3_
FN:20,_RNCNvCs6LQSLnCvQ4J_4teot4mains_0B3_
FN:37,_RNCNCNvCs6onijBpEXfP_4teot4mains1_00B5_
FN:19,_RNCNvCs6onijBpEXfP_4teot4main0B3_
FN:25,_RNCNvCs6onijBpEXfP_4teot4mains0_0B3_
FN:34,_RNCNvCs6onijBpEXfP_4teot4mains1_0B3_
FN:40,_RNCNvCs6onijBpEXfP_4teot4mains2_0B3_
FN:49,_RNCNvCs6onijBpEXfP_4teot4mains3_0B3_
FN:20,_RNCNvCs6onijBpEXfP_4teot4mains_0B3_
FN:14,_RNvCs6onijBpEXfP_4teot4main
FNDA:6,_RNvCs6LQSLnCvQ4J_4teot4main
FNDA:0,_RNCNCNvCs6LQSLnCvQ4J_4teot4mains1_00B5_
FNDA:10,_RNCNvCs6LQSLnCvQ4J_4teot4main0B3_
FNDA:10,_RNCNvCs6LQSLnCvQ4J_4teot4mains0_0B3_
FNDA:1,_RNCNvCs6LQSLnCvQ4J_4teot4mains1_0B3_
FNDA:1,_RNCNvCs6LQSLnCvQ4J_4teot4mains2_0B3_
FNDA:0,_RNCNvCs6LQSLnCvQ4J_4teot4mains3_0B3_
FNDA:10,_RNCNvCs6LQSLnCvQ4J_4teot4mains_0B3_
FNDA:0,_RNCNCNvCs6onijBpEXfP_4teot4mains1_00B5_
FNDA:0,_RNCNvCs6onijBpEXfP_4teot4main0B3_
FNDA:0,_RNCNvCs6onijBpEXfP_4teot4mains0_0B3_
FNDA:0,_RNCNvCs6onijBpEXfP_4teot4mains1_0B3_
FNDA:0,_RNCNvCs6onijBpEXfP_4teot4mains2_0B3_
FNDA:0,_RNCNvCs6onijBpEXfP_4teot4mains3_0B3_
FNDA:0,_RNCNvCs6onijBpEXfP_4teot4mains_0B3_
FNDA:0,_RNvCs6onijBpEXfP_4teot4main
FNF:8
FNH:6
DA:14,6
DA:15,6
DA:17,6
DA:18,6
DA:19,10
DA:20,10
DA:21,10
DA:22,10
DA:23,10
DA:24,10
DA:25,10
DA:26,6
DA:27,0
DA:28,0
DA:29,0
DA:33,6
DA:34,1
DA:35,1
DA:36,1
DA:37,1
DA:38,1
DA:40,5
DA:43,8
DA:44,8
DA:45,8
DA:46,8
DA:47,8
DA:48,8
DA:49,8
DA:50,8
DA:51,8
DA:52,8
DA:53,8
DA:55,8
DA:60,6
BRF:0
BRH:0
LF:42
LH:37
end_of_record